An error occured [Error: No access or refresh token is set.]
[90mGET / [36m304 [90m19ms[0m
[90mGET /css/main.css [36m304 [90m8ms[0m
[90mGET /css/bootstrap/fuelux/fuelux.css [36m304 [90m5ms[0m
[90mGET /css/bootstrap/fuelux/fuelux-responsive.min.css [36m304 [90m3ms[0m
[90mGET /css/bootstrap/bootstrap.min.css [36m304 [90m5ms[0m
[90mGET /css/tagsinput/ng-tags-input.css [36m304 [90m5ms[0m
[90mGET /js/ngtagsinput/ng-tags-input.css [36m304 [90m2ms[0m
[90mGET /css/jquery-ui/themes/smoothness/jquery-ui.css [36m304 [90m3ms[0m
[90mGET /js/commons.js [36m304 [90m3ms[0m
[90mGET /js/jquery/jquery-2.0.3.js [36m304 [90m3ms[0m
[90mGET /js/jquery/jquery-ui-1.10.3.custom.min.js [36m304 [90m3ms[0m
[90mGET /js/otros/botones.js [36m304 [90m3ms[0m
[90mGET /js/jquery/datatables/jquery.dataTables.min.js [36m304 [90m2ms[0m
[90mGET /js/jquery/datatables/jquery.dataTables.pagination.js [36m304 [90m3ms[0m
[90mGET /js/jquery/datatables/jquery.dataTables.columnFilter.js [36m304 [90m4ms[0m
[90mGET /js/bootstrap/bootstrap.js [36m304 [90m3ms[0m
[90mGET /js/angular/angular.js [36m304 [90m7ms[0m
[90mGET /js/angular/angular-resource.js [36m304 [90m7ms[0m
[90mGET /js/angular/angular-cookies.min.js [36m304 [90m3ms[0m
[90mGET /js/angular/angular-route.min.js [36m304 [90m3ms[0m
[90mGET /js/angular/i18n/angular-locale_es-ar.js [36m304 [90m3ms[0m
[90mGET /js/angular-ui/date.js [36m304 [90m6ms[0m
[90mGET /js/angular-ui/mask.js [36m304 [90m6ms[0m
[90mGET /js/angular-ui/validate.js [36m304 [90m6ms[0m
[90mGET /js/angular/ng-upload.js [36m304 [90m3ms[0m
[90mGET /js/angular-ui/angular-ui-router.js [36m304 [90m2ms[0m
[90mGET /js/otros/moment.min.js [36m304 [90m4ms[0m
[90mGET /js/otros/collapse.js [36m304 [90m3ms[0m
[90mGET /js/otros/transition.js [36m304 [90m4ms[0m
[90mGET /js/otros/bootstrap-datetimepicker.js [36m304 [90m23ms[0m
[90mGET /js/app/app.js [36m304 [90m20ms[0m
[90mGET /js/app/controllers.js [36m304 [90m19ms[0m
[90mGET /js/app/controllers/postulantes.js [36m304 [90m26ms[0m
[90mGET /js/app/controllers/busquedas.js [36m304 [90m38ms[0m
[90mGET /js/app/services.js [36m304 [90m26ms[0m
[90mGET /js/app/controllers/usuarios.js [36m304 [90m20ms[0m
[90mGET /js/app/controllers/habilidades.js [36m304 [90m19ms[0m
[90mGET /js/app/controllers/entrevistas.js [36m304 [90m18ms[0m
[90mGET /js/app/controllers/login.js [36m304 [90m18ms[0m
[90mGET /js/app/filters.js [36m304 [90m16ms[0m
[90mGET /js/app/directives.js [36m304 [90m13ms[0m
[90mGET /js/config/environment.js [36m304 [90m12ms[0m
[90mGET /js/ui-bootstrap/transition.js [36m304 [90m13ms[0m
[90mGET /js/ui-bootstrap/dropdown.js [36m304 [90m11ms[0m
[90mGET /js/ui-bootstrap/datepicker.js [36m304 [90m14ms[0m
[90mGET /js/ui-bootstrap/position.js [36m304 [90m15ms[0m
[90mGET /js/ui-bootstrap/tabs.js [36m304 [90m13ms[0m
[90mGET /js/ui-bootstrap/ui-bootstrap-tpls-0.11.2.min.js [36m304 [90m13ms[0m
[90mGET /js/ngtagsinput/ngtagsinput.js [36m304 [90m13ms[0m
[90mGET /js/ngtagsinput/ng-tags-input.min.js [36m304 [90m12ms[0m
[90mGET /REST/estaLogueado [33m401 [90m8ms[0m
[90mGET /commons/header.html [36m304 [90m6ms[0m
[90mGET /commons/footer.html [36m304 [90m4ms[0m
[90mGET /partials/postulanteCV.html [36m304 [90m3ms[0m
[90mGET /%7B%7Bpostulant.fotoUrl%7D%7D [33m404 [90m965ms - 160b[0m
[90mGET /ngTagsInput/auto-complete.html [36m304 [90m15ms[0m
[90mGET /ngTagsInput/tags-input.html [36m304 [90m17ms[0m
[90mGET /css/fonts/glyphicons-halflings-regular.woff [36m304 [90m17ms[0m
[90mGET /REST/postulante [36m304 [90m37ms[0m
